This is pdfTeX, Version 3.14159265-2.6-1.40.21 (MiKTeX 20.6.29) (preloaded format=pdflatex 2020.9.22)  6 NOV 2020 10:16
entering extended mode
**./template.tex
(template.tex
LaTeX2e <2020-02-02> patch level 5
L3 programming layer <2020-06-18>
(C:\Users\Gabriel\AppData\Local\Programs\MiKTeX\tex/latex/base\article.cls
Document Class: article 2019/12/20 v1.4l Standard LaTeX document class
(C:\Users\Gabriel\AppData\Local\Programs\MiKTeX\tex/latex/base\size10.clo
File: size10.clo 2019/12/20 v1.4l Standard LaTeX file (size option)
)
\c@part=\count167
\c@section=\count168
\c@subsection=\count169
\c@subsubsection=\count170
\c@paragraph=\count171
\c@subparagraph=\count172
\c@figure=\count173
\c@table=\count174
\abovecaptionskip=\skip47
\belowcaptionskip=\skip48
\bibindent=\dimen134
)
(C:\Users\Gabriel\AppData\Local\Programs\MiKTeX\tex/latex/lm\lmodern.sty
Package: lmodern 2009/10/30 v1.6 Latin Modern Fonts
LaTeX Font Info:    Overwriting symbol font `operators' in version `normal'
(Font)                  OT1/cmr/m/n --> OT1/lmr/m/n on input line 22.
LaTeX Font Info:    Overwriting symbol font `letters' in version `normal'
(Font)                  OML/cmm/m/it --> OML/lmm/m/it on input line 23.
LaTeX Font Info:    Overwriting symbol font `symbols' in version `normal'
(Font)                  OMS/cmsy/m/n --> OMS/lmsy/m/n on input line 24.
LaTeX Font Info:    Overwriting symbol font `largesymbols' in version `normal'
(Font)                  OMX/cmex/m/n --> OMX/lmex/m/n on input line 25.
LaTeX Font Info:    Overwriting symbol font `operators' in version `bold'
(Font)                  OT1/cmr/bx/n --> OT1/lmr/bx/n on input line 26.
LaTeX Font Info:    Overwriting symbol font `letters' in version `bold'
(Font)                  OML/cmm/b/it --> OML/lmm/b/it on input line 27.
LaTeX Font Info:    Overwriting symbol font `symbols' in version `bold'
(Font)                  OMS/cmsy/b/n --> OMS/lmsy/b/n on input line 28.
LaTeX Font Info:    Overwriting symbol font `largesymbols' in version `bold'
(Font)                  OMX/cmex/m/n --> OMX/lmex/m/n on input line 29.
LaTeX Font Info:    Overwriting math alphabet `\mathbf' in version `normal'
(Font)                  OT1/cmr/bx/n --> OT1/lmr/bx/n on input line 31.
LaTeX Font Info:    Overwriting math alphabet `\mathsf' in version `normal'
(Font)                  OT1/cmss/m/n --> OT1/lmss/m/n on input line 32.
LaTeX Font Info:    Overwriting math alphabet `\mathit' in version `normal'
(Font)                  OT1/cmr/m/it --> OT1/lmr/m/it on input line 33.
LaTeX Font Info:    Overwriting math alphabet `\mathtt' in version `normal'
(Font)                  OT1/cmtt/m/n --> OT1/lmtt/m/n on input line 34.
LaTeX Font Info:    Overwriting math alphabet `\mathbf' in version `bold'
(Font)                  OT1/cmr/bx/n --> OT1/lmr/bx/n on input line 35.
LaTeX Font Info:    Overwriting math alphabet `\mathsf' in version `bold'
(Font)                  OT1/cmss/bx/n --> OT1/lmss/bx/n on input line 36.
LaTeX Font Info:    Overwriting math alphabet `\mathit' in version `bold'
(Font)                  OT1/cmr/bx/it --> OT1/lmr/bx/it on input line 37.
LaTeX Font Info:    Overwriting math alphabet `\mathtt' in version `bold'
(Font)                  OT1/cmtt/m/n --> OT1/lmtt/m/n on input line 38.
)
(C:\Users\Gabriel\AppData\Local\Programs\MiKTeX\tex/latex/base\fontenc.sty
Package: fontenc 2020/02/11 v2.0o Standard LaTeX package
LaTeX Font Info:    Trying to load font information for T1+lmr on input line 11
2.

(C:\Users\Gabriel\AppData\Local\Programs\MiKTeX\tex/latex/lm\t1lmr.fd
File: t1lmr.fd 2009/10/30 v1.6 Font defs for Latin Modern
))
(C:\Users\Gabriel\AppData\Local\Programs\MiKTeX\tex/latex/base\inputenc.sty
Package: inputenc 2018/08/11 v1.3c Input encoding file
\inpenc@prehook=\toks15
\inpenc@posthook=\toks16

(C:\Users\Gabriel\AppData\Local\Programs\MiKTeX\tex/latex/base\latin9.def
File: latin9.def 2018/08/11 v1.3c Input encoding file
))
(C:\Users\Gabriel\AppData\Local\Programs\MiKTeX\tex/latex/geometry\geometry.sty
Package: geometry 2020/01/02 v5.9 Page Geometry
(C:\Users\Gabriel\AppData\Local\Programs\MiKTeX\tex/latex/graphics\keyval.sty
Package: keyval 2014/10/28 v1.15 key=value parser (DPC)
\KV@toks@=\toks17
)
(C:\Users\Gabriel\AppData\Local\Programs\MiKTeX\tex/generic/iftex\ifvtex.sty
Package: ifvtex 2019/10/25 v1.7 ifvtex legacy package. Use iftex instead.

(C:\Users\Gabriel\AppData\Local\Programs\MiKTeX\tex/generic/iftex\iftex.sty
Package: iftex 2020/03/06 v1.0d TeX engine tests
))
\Gm@cnth=\count175
\Gm@cntv=\count176
\c@Gm@tempcnt=\count177
\Gm@bindingoffset=\dimen135
\Gm@wd@mp=\dimen136
\Gm@odd@mp=\dimen137
\Gm@even@mp=\dimen138
\Gm@layoutwidth=\dimen139
\Gm@layoutheight=\dimen140
\Gm@layouthoffset=\dimen141
\Gm@layoutvoffset=\dimen142
\Gm@dimlist=\toks18

(C:\Users\Gabriel\AppData\Local\Programs\MiKTeX\tex/latex/geometry\geometry.cfg
)) (C:\Users\Gabriel\AppData\Local\Programs\MiKTeX\tex/latex/base\textcomp.sty
Package: textcomp 2020/02/02 v2.0n Standard LaTeX package
)
(C:\Users\Gabriel\AppData\Local\Programs\MiKTeX\tex/latex/graphics\graphicx.sty
Package: graphicx 2019/11/30 v1.2a Enhanced LaTeX Graphics (DPC,SPQR)

(C:\Users\Gabriel\AppData\Local\Programs\MiKTeX\tex/latex/graphics\graphics.sty
Package: graphics 2019/11/30 v1.4a Standard LaTeX Graphics (DPC,SPQR)
(C:\Users\Gabriel\AppData\Local\Programs\MiKTeX\tex/latex/graphics\trig.sty
Package: trig 2016/01/03 v1.10 sin cos tan (DPC)
)
(C:\Users\Gabriel\AppData\Local\Programs\MiKTeX\tex/latex/graphics-cfg\graphics
.cfg
File: graphics.cfg 2016/06/04 v1.11 sample graphics configuration
)
Package graphics Info: Driver file: pdftex.def on input line 105.

(C:\Users\Gabriel\AppData\Local\Programs\MiKTeX\tex/latex/graphics-def\pdftex.d
ef
File: pdftex.def 2018/01/08 v1.0l Graphics/color driver for pdftex
))
\Gin@req@height=\dimen143
\Gin@req@width=\dimen144
)
(C:\Users\Gabriel\AppData\Local\Programs\MiKTeX\tex/generic/babel\babel.sty
Package: babel 2020/06/10 3.45 The Babel package

(C:\Users\Gabriel\AppData\Local\Programs\MiKTeX\tex/generic/babel\babel.def
File: babel.def 2020/06/10 3.45 Babel common definitions
\babel@savecnt=\count178
\U@D=\dimen145
\l@babelnohyphens=\language79

(C:\Users\Gabriel\AppData\Local\Programs\MiKTeX\tex/generic/babel\txtbabel.def)
\bbl@readstream=\read2
)
\bbl@dirlevel=\count179

*************************************
* Local config file bblopts.cfg used
*
(C:\Users\Gabriel\AppData\Local\Programs\MiKTeX\tex/latex/arabi\bblopts.cfg
File: bblopts.cfg 2005/09/08 v0.1 add Arabic and Farsi to "declared" options of
 babel
)
(C:\Users\Gabriel\AppData\Local\Programs\MiKTeX\tex/latex/babel-english\english
.ldf
Language: english 2017/06/06 v3.3r English support from the babel system
Package babel Info: \l@canadian = using hyphenrules for english
(babel)             (\language0) on input line 102.
Package babel Info: \l@australian = using hyphenrules for ukenglish
(babel)             (\language73) on input line 105.
Package babel Info: \l@newzealand = using hyphenrules for ukenglish
(babel)             (\language73) on input line 108.
))
(C:\Users\Gabriel\AppData\Local\Programs\MiKTeX\tex/latex/pdfpages\pdfpages.sty
Package: pdfpages 2020/01/28 v0.5q Insert pages of external PDF documents (AM)
(C:\Users\Gabriel\AppData\Local\Programs\MiKTeX\tex/latex/base\ifthen.sty
Package: ifthen 2014/09/29 v1.1c Standard LaTeX ifthen package (DPC)
)
(C:\Users\Gabriel\AppData\Local\Programs\MiKTeX\tex/latex/tools\calc.sty
Package: calc 2017/05/25 v4.3 Infix arithmetic (KKT,FJ)
\calc@Acount=\count180
\calc@Bcount=\count181
\calc@Adimen=\dimen146
\calc@Bdimen=\dimen147
\calc@Askip=\skip49
\calc@Bskip=\skip50
LaTeX Info: Redefining \setlength on input line 80.
LaTeX Info: Redefining \addtolength on input line 81.
\calc@Ccount=\count182
\calc@Cskip=\skip51
)
(C:\Users\Gabriel\AppData\Local\Programs\MiKTeX\tex/latex/eso-pic\eso-pic.sty
Package: eso-pic 2020/09/27 v2.0i eso-pic (RN)

(C:\Users\Gabriel\AppData\Local\Programs\MiKTeX\tex/generic/atbegshi\atbegshi.s
ty
Package: atbegshi 2019/12/05 v1.19 At begin shipout hook (HO)

(C:\Users\Gabriel\AppData\Local\Programs\MiKTeX\tex/generic/infwarerr\infwarerr
.sty
Package: infwarerr 2019/12/03 v1.5 Providing info/warning/error messages (HO)
)
(C:\Users\Gabriel\AppData\Local\Programs\MiKTeX\tex/generic/ltxcmds\ltxcmds.sty
Package: ltxcmds 2019/12/15 v1.24 LaTeX kernel commands for general use (HO)
))
\ESO@tempdima=\dimen148
\ESO@tempdimb=\dimen149
 (C:\Users\Gabriel\AppData\Local\Programs\MiKTeX\tex/latex/xcolor\xcolor.sty
Package: xcolor 2016/05/11 v2.12 LaTeX color extensions (UK)

(C:\Users\Gabriel\AppData\Local\Programs\MiKTeX\tex/latex/graphics-cfg\color.cf
g
File: color.cfg 2016/01/02 v1.6 sample color configuration
)
Package xcolor Info: Driver file: pdftex.def on input line 225.
Package xcolor Info: Model `cmy' substituted by `cmy0' on input line 1348.
Package xcolor Info: Model `hsb' substituted by `rgb' on input line 1352.
Package xcolor Info: Model `RGB' extended on input line 1364.
Package xcolor Info: Model `HTML' substituted by `rgb' on input line 1366.
Package xcolor Info: Model `Hsb' substituted by `hsb' on input line 1367.
Package xcolor Info: Model `tHsb' substituted by `hsb' on input line 1368.
Package xcolor Info: Model `HSB' substituted by `hsb' on input line 1369.
Package xcolor Info: Model `Gray' substituted by `gray' on input line 1370.
Package xcolor Info: Model `wave' substituted by `hsb' on input line 1371.
))
\AM@pagewidth=\dimen150
\AM@pageheight=\dimen151

(C:\Users\Gabriel\AppData\Local\Programs\MiKTeX\tex/latex/pdfpages\pppdftex.def
File: pppdftex.def 2020/01/28 v0.5q Pdfpages driver for pdfTeX (AM)
)
\AM@pagebox=\box45
\AM@global@opts=\toks19
\AM@pagecnt=\count183
\AM@toc@title=\toks20
\c@AM@survey=\count184
\AM@templatesizebox=\box46
)
(C:\Users\Gabriel\AppData\Local\Programs\MiKTeX\tex/latex/l3backend\l3backend-p
dfmode.def
File: l3backend-pdfmode.def 2020-06-29 L3 backend support: PDF mode
\l__kernel_color_stack_int=\count185
\l__pdf_internal_box=\box47
) (template.aux)
\openout1 = `template.aux'.

LaTeX Font Info:    Checking defaults for OML/cmm/m/it on input line 29.
LaTeX Font Info:    ... okay on input line 29.
LaTeX Font Info:    Checking defaults for OMS/cmsy/m/n on input line 29.
LaTeX Font Info:    ... okay on input line 29.
LaTeX Font Info:    Checking defaults for OT1/cmr/m/n on input line 29.
LaTeX Font Info:    ... okay on input line 29.
LaTeX Font Info:    Checking defaults for T1/cmr/m/n on input line 29.
LaTeX Font Info:    ... okay on input line 29.
LaTeX Font Info:    Checking defaults for TS1/cmr/m/n on input line 29.
LaTeX Font Info:    ... okay on input line 29.
LaTeX Font Info:    Checking defaults for OMX/cmex/m/n on input line 29.
LaTeX Font Info:    ... okay on input line 29.
LaTeX Font Info:    Checking defaults for U/cmr/m/n on input line 29.
LaTeX Font Info:    ... okay on input line 29.

*geometry* driver: auto-detecting
*geometry* detected driver: pdftex

Package geometry Warning: The marginal notes overrun the paper.
     Add 4.86812pt and more to the right margin.

*geometry* verbose mode - [ preamble ] result:
* driver: pdftex
* paper: <default>
* layout: <same size as paper>
* layoutoffset:(h,v)=(0.0pt,0.0pt)
* modes: 
* h-part:(L,W,R)=(71.13188pt, 472.03123pt, 71.13188pt)
* v-part:(T,H,B)=(85.35826pt, 624.25346pt, 85.35826pt)
* \paperwidth=614.295pt
* \paperheight=794.96999pt
* \textwidth=472.03123pt
* \textheight=624.25346pt
* \oddsidemargin=-1.1381pt
* \evensidemargin=-1.1381pt
* \topmargin=-23.91173pt
* \headheight=12.0pt
* \headsep=25.0pt
* \topskip=10.0pt
* \footskip=30.0pt
* \marginparwidth=65.0pt
* \marginparsep=11.0pt
* \columnsep=10.0pt
* \skip\footins=9.0pt plus 4.0pt minus 2.0pt
* \hoffset=0.0pt
* \voffset=0.0pt
* \mag=1000
* \@twocolumnfalse
* \@twosidefalse
* \@mparswitchfalse
* \@reversemarginfalse
* (1in=72.27pt=25.4mm, 1cm=28.453pt)


(C:\Users\Gabriel\AppData\Local\Programs\MiKTeX\tex/context/base/mkii\supp-pdf.
mkii
[Loading MPS to PDF converter (version 2006.09.02).]
\scratchcounter=\count186
\scratchdimen=\dimen152
\scratchbox=\box48
\nofMPsegments=\count187
\nofMParguments=\count188
\everyMPshowfont=\toks21
\MPscratchCnt=\count189
\MPscratchDim=\dimen153
\MPnumerator=\count190
\makeMPintoPDFobject=\count191
\everyMPtoPDFconversion=\toks22
)
(C:\Users\Gabriel\AppData\Local\Programs\MiKTeX\tex/latex/epstopdf-pkg\epstopdf
-base.sty
Package: epstopdf-base 2020-01-24 v2.11 Base part for package epstopdf
Package epstopdf-base Info: Redefining graphics rule for `.eps' on input line 4
85.
)
\AtBeginShipoutBox=\box49

(C:\Users\Gabriel\AppData\Local\Programs\MiKTeX\tex/latex/pdflscape\pdflscape.s
ty
Package: pdflscape 2019/12/05 v0.12 Display of landscape pages in PDF (HO)

(C:\Users\Gabriel\AppData\Local\Programs\MiKTeX\tex/latex/graphics\lscape.sty
Package: lscape 2000/10/22 v3.01 Landscape Pages (DPC)
)
Package pdflscape Info: Auto-detected driver: pdftex on input line 81.
)

pdfTeX warning: pdflatex.exe (file ./cover1.pdf): PDF inclusion: found PDF vers
ion <1.6>, but at most version <1.5> allowed
<cover1.pdf, id=1, 597.55246pt x 846.16125pt>
File: cover1.pdf Graphic file (type pdf)
<use cover1.pdf>
Package pdftex.def Info: cover1.pdf  used on input line 30.
(pdftex.def)             Requested size: 597.551pt x 846.1592pt.


pdfTeX warning: pdflatex.exe (file ./cover1.pdf): PDF inclusion: found PDF vers
ion <1.6>, but at most version <1.5> allowed
File: cover1.pdf Graphic file (type pdf)
<use cover1.pdf>
Package pdftex.def Info: cover1.pdf  used on input line 30.
(pdftex.def)             Requested size: 597.551pt x 846.1592pt.


pdfTeX warning: pdflatex.exe (file ./cover1.pdf): PDF inclusion: found PDF vers
ion <1.6>, but at most version <1.5> allowed


pdfTeX warning: pdflatex.exe (file ./cover1.pdf): PDF inclusion: found PDF vers
ion <1.6>, but at most version <1.5> allowed
<cover1.pdf, id=4, page=1, 597.55246pt x 846.16125pt>
File: cover1.pdf Graphic file (type pdf)
<use cover1.pdf, page 1>
Package pdftex.def Info: cover1.pdf , page1 used on input line 30.
(pdftex.def)             Requested size: 597.551pt x 846.1592pt.
File: cover1.pdf Graphic file (type pdf)
<use cover1.pdf, page 1>
Package pdftex.def Info: cover1.pdf , page1 used on input line 30.
(pdftex.def)             Requested size: 561.4988pt x 795.10765pt.
File: cover1.pdf Graphic file (type pdf)
<use cover1.pdf, page 1>
Package pdftex.def Info: cover1.pdf , page1 used on input line 30.
(pdftex.def)             Requested size: 561.4988pt x 795.10765pt.
File: cover1.pdf Graphic file (type pdf)
<use cover1.pdf, page 1>
Package pdftex.def Info: cover1.pdf , page1 used on input line 30.
(pdftex.def)             Requested size: 561.4988pt x 795.10765pt.
File: cover1.pdf Graphic file (type pdf)
<use cover1.pdf, page 1>
Package pdftex.def Info: cover1.pdf , page1 used on input line 30.
(pdftex.def)             Requested size: 561.4988pt x 795.10765pt.
[1

 <./cover1.pdf>]
LaTeX Font Info:    Trying to load font information for OT1+lmr on input line 3
8.

(C:\Users\Gabriel\AppData\Local\Programs\MiKTeX\tex/latex/lm\ot1lmr.fd
File: ot1lmr.fd 2009/10/30 v1.6 Font defs for Latin Modern
)
LaTeX Font Info:    Trying to load font information for OML+lmm on input line 3
8.

(C:\Users\Gabriel\AppData\Local\Programs\MiKTeX\tex/latex/lm\omllmm.fd
File: omllmm.fd 2009/10/30 v1.6 Font defs for Latin Modern
)
LaTeX Font Info:    Trying to load font information for OMS+lmsy on input line 
38.

(C:\Users\Gabriel\AppData\Local\Programs\MiKTeX\tex/latex/lm\omslmsy.fd
File: omslmsy.fd 2009/10/30 v1.6 Font defs for Latin Modern
)
LaTeX Font Info:    Trying to load font information for OMX+lmex on input line 
38.

(C:\Users\Gabriel\AppData\Local\Programs\MiKTeX\tex/latex/lm\omxlmex.fd
File: omxlmex.fd 2009/10/30 v1.6 Font defs for Latin Modern
)
LaTeX Font Info:    External font `lmex10' loaded for size
(Font)              <12> on input line 38.
LaTeX Font Info:    External font `lmex10' loaded for size
(Font)              <8> on input line 38.
LaTeX Font Info:    External font `lmex10' loaded for size
(Font)              <6> on input line 38.
LaTeX Font Info:    Trying to load font information for T1+lmtt on input line 4
1.

(C:\Users\Gabriel\AppData\Local\Programs\MiKTeX\tex/latex/lm\t1lmtt.fd
File: t1lmtt.fd 2009/10/30 v1.6 Font defs for Latin Modern
)
LaTeX Font Info:    External font `lmex10' loaded for size
(Font)              <10> on input line 41.
LaTeX Font Info:    External font `lmex10' loaded for size
(Font)              <7> on input line 41.
LaTeX Font Info:    External font `lmex10' loaded for size
(Font)              <5> on input line 41.
<1a.jpg, id=63, 791.95876pt x 623.32875pt>
File: 1a.jpg Graphic file (type jpg)
<use 1a.jpg>
Package pdftex.def Info: 1a.jpg  used on input line 70.
(pdftex.def)             Requested size: 184.29036pt x 145.04608pt.
<1b.jpg, id=64, 702.625pt x 526.96875pt>
File: 1b.jpg Graphic file (type jpg)
<use 1b.jpg>
Package pdftex.def Info: 1b.jpg  used on input line 70.
(pdftex.def)             Requested size: 184.29036pt x 138.21477pt.


LaTeX Warning: `h' float specifier changed to `ht'.

[2{C:/Users/Gabriel/AppData/Local/MiKTeX/pdftex/config/pdftex.map}]
<1c.jpg, id=79, 702.625pt x 526.96875pt>
File: 1c.jpg Graphic file (type jpg)
<use 1c.jpg>
Package pdftex.def Info: 1c.jpg  used on input line 99.
(pdftex.def)             Requested size: 307.14749pt x 230.36331pt.
 [3 <./1a.jpg> <./1b.jpg>] [4 <./1c.jpg>]
<1e.jpg, id=88, 702.625pt x 526.96875pt>
File: 1e.jpg Graphic file (type jpg)
<use 1e.jpg>
Package pdftex.def Info: 1e.jpg  used on input line 150.
(pdftex.def)             Requested size: 184.29036pt x 138.21477pt.
File: 1e.jpg Graphic file (type jpg)
<use 1e.jpg>
Package pdftex.def Info: 1e.jpg  used on input line 150.
(pdftex.def)             Requested size: 184.29036pt x 138.21477pt.
 [5 <./1e.jpg>] (template.aux) ) 
Here is how much of TeX's memory you used:
 4323 strings out of 480790
 64080 string characters out of 2896363
 325396 words of memory out of 3000000
 20245 multiletter control sequences out of 15000+200000
 578290 words of font info for 52 fonts, out of 3000000 for 9000
 1141 hyphenation exceptions out of 8191
 40i,18n,45p,788b,425s stack positions out of 5000i,500n,10000p,200000b,50000s
{C:/Users/Gabriel/AppData/Local/Programs/MiKTeX
/fonts/enc/dvips/lm/lm-mathsy.enc}{C:/Users/Gabriel/AppData/Local/Programs/MiKT
eX/fonts/enc/dvips/lm/lm-mathit.enc}{C:/Users/Gabriel/AppData/Local/Programs/Mi
KTeX/fonts/enc/dvips/lm/lm-mathex.enc}{C:/Users/Gabriel/AppData/Local/Programs/
MiKTeX/fonts/enc/dvips/lm/lm-rm.enc}{C:/Users/Gabriel/AppData/Local/Programs/Mi
KTeX/fonts/enc/dvips/lm/lm-ec.enc}<C:/Users/Gabriel/AppData/Local/Programs/MiKT
eX/fonts/type1/public/lm/lmbx12.pfb><C:/Users/Gabriel/AppData/Local/Programs/Mi
KTeX/fonts/type1/public/lm/lmex10.pfb><C:/Users/Gabriel/AppData/Local/Programs/
MiKTeX/fonts/type1/public/lm/lmmi10.pfb><C:/Users/Gabriel/AppData/Local/Program
s/MiKTeX/fonts/type1/public/lm/lmmi5.pfb><C:/Users/Gabriel/AppData/Local/Progra
ms/MiKTeX/fonts/type1/public/lm/lmmi7.pfb><C:/Users/Gabriel/AppData/Local/Progr
ams/MiKTeX/fonts/type1/public/lm/lmr10.pfb><C:/Users/Gabriel/AppData/Local/Prog
rams/MiKTeX/fonts/type1/public/lm/lmr12.pfb><C:/Users/Gabriel/AppData/Local/Pro
grams/MiKTeX/fonts/type1/public/lm/lmr17.pfb><C:/Users/Gabriel/AppData/Local/Pr
ograms/MiKTeX/fonts/type1/public/lm/lmr7.pfb><C:/Users/Gabriel/AppData/Local/Pr
ograms/MiKTeX/fonts/type1/public/lm/lmsy10.pfb><C:/Users/Gabriel/AppData/Local/
Programs/MiKTeX/fonts/type1/public/lm/lmsy7.pfb><C:/Users/Gabriel/AppData/Local
/Programs/MiKTeX/fonts/type1/public/lm/lmtt10.pfb>
Output written on template.pdf (5 pages, 779080 bytes).
PDF statistics:
 135 PDF objects out of 1000 (max. 8388607)
 0 named destinations out of 1000 (max. 500000)
 41 words of extra memory for PDF output out of 10000 (max. 10000000)

